{"/home/runner/workspace/client/hooks/useColorScheme.ts": {"path":"/home/runner/workspace/client/hooks/useColorScheme.ts","statementMap":{},"fnMap":{},"branchMap":{},"s":{},"f":{},"b":{}}
,"/home/runner/workspace/client/hooks/useColorScheme.web.ts": {"path":"/home/runner/workspace/client/hooks/useColorScheme.web.ts","statementMap":{"0":{"start":{"line":8,"column":40},"end":{"line":8,"column":55}},"1":{"start":{"line":10,"column":2},"end":{"line":12,"column":9}},"2":{"start":{"line":11,"column":4},"end":{"line":11,"column":25}},"3":{"start":{"line":14,"column":22},"end":{"line":14,"column":40}},"4":{"start":{"line":16,"column":2},"end":{"line":18,"column":3}},"5":{"start":{"line":17,"column":4},"end":{"line":17,"column":23}},"6":{"start":{"line":20,"column":2},"end":{"line":20,"column":17}}},"fnMap":{"0":{"name":"useColorScheme","decl":{"start":{"line":7,"column":16},"end":{"line":7,"column":30}},"loc":{"start":{"line":7,"column":33},"end":{"line":21,"column":1}},"line":7},"1":{"name":"(anonymous_1)","decl":{"start":{"line":10,"column":12},"end":{"line":10,"column":13}},"loc":{"start":{"line":10,"column":18},"end":{"line":12,"column":3}},"line":10}},"branchMap":{"0":{"loc":{"start":{"line":16,"column":2},"end":{"line":18,"column":3}},"type":"if","locations":[{"start":{"line":16,"column":2},"end":{"line":18,"column":3}},{"start":{},"end":{}}],"line":16}},"s":{"0":0,"1":0,"2":0,"3":0,"4":0,"5":0,"6":0},"f":{"0":0,"1":0},"b":{"0":[0,0]}}
,"/home/runner/workspace/client/hooks/useScreenOptions.ts": {"path":"/home/runner/workspace/client/hooks/useScreenOptions.ts","statementMap":{"0":{"start":{"line":14,"column":28},"end":{"line":14,"column":38}},"1":{"start":{"line":16,"column":2},"end":{"line":34,"column":4}}},"fnMap":{"0":{"name":"useScreenOptions","decl":{"start":{"line":11,"column":16},"end":{"line":11,"column":32}},"loc":{"start":{"line":13,"column":62},"end":{"line":35,"column":1}},"line":13}},"branchMap":{"0":{"loc":{"start":{"line":11,"column":33},"end":{"line":13,"column":30}},"type":"default-arg","locations":[{"start":{"line":13,"column":28},"end":{"line":13,"column":30}}],"line":11},"1":{"loc":{"start":{"line":12,"column":2},"end":{"line":12,"column":20}},"type":"default-arg","locations":[{"start":{"line":12,"column":16},"end":{"line":12,"column":20}}],"line":12},"2":{"loc":{"start":{"line":19,"column":22},"end":{"line":19,"column":47}},"type":"cond-expr","locations":[{"start":{"line":19,"column":31},"end":{"line":19,"column":37}},{"start":{"line":19,"column":40},"end":{"line":19,"column":47}}],"line":19},"3":{"loc":{"start":{"line":30,"column":30},"end":{"line":30,"column":69}},"type":"cond-expr","locations":[{"start":{"line":30,"column":57},"end":{"line":30,"column":62}},{"start":{"line":30,"column":65},"end":{"line":30,"column":69}}],"line":30}},"s":{"0":0,"1":0},"f":{"0":0},"b":{"0":[0],"1":[0],"2":[0,0],"3":[0,0]}}
,"/home/runner/workspace/client/hooks/useSubscriptions.ts": {"path":"/home/runner/workspace/client/hooks/useSubscriptions.ts","statementMap":{"0":{"start":{"line":5,"column":18},"end":{"line":5,"column":35}},"1":{"start":{"line":8,"column":2},"end":{"line":11,"column":5}},"2":{"start":{"line":15,"column":2},"end":{"line":19,"column":5}},"3":{"start":{"line":17,"column":19},"end":{"line":17,"column":50}},"4":{"start":{"line":23,"column":22},"end":{"line":23,"column":38}},"5":{"start":{"line":25,"column":2},"end":{"line":30,"column":5}},"6":{"start":{"line":26,"column":46},"end":{"line":26,"column":79}},"7":{"start":{"line":28,"column":6},"end":{"line":28,"column":61}},"8":{"start":{"line":34,"column":22},"end":{"line":34,"column":38}},"9":{"start":{"line":36,"column":2},"end":{"line":42,"column":5}},"10":{"start":{"line":38,"column":6},"end":{"line":38,"column":43}},"11":{"start":{"line":40,"column":6},"end":{"line":40,"column":61}},"12":{"start":{"line":46,"column":22},"end":{"line":46,"column":38}},"13":{"start":{"line":48,"column":2},"end":{"line":53,"column":5}},"14":{"start":{"line":49,"column":32},"end":{"line":49,"column":62}},"15":{"start":{"line":51,"column":6},"end":{"line":51,"column":61}}},"fnMap":{"0":{"name":"useSubscriptions","decl":{"start":{"line":7,"column":16},"end":{"line":7,"column":32}},"loc":{"start":{"line":7,"column":35},"end":{"line":12,"column":1}},"line":7},"1":{"name":"useSubscription","decl":{"start":{"line":14,"column":16},"end":{"line":14,"column":31}},"loc":{"start":{"line":14,"column":44},"end":{"line":20,"column":1}},"line":14},"2":{"name":"(anonymous_2)","decl":{"start":{"line":17,"column":13},"end":{"line":17,"column":14}},"loc":{"start":{"line":17,"column":19},"end":{"line":17,"column":50}},"line":17},"3":{"name":"useCreateSubscription","decl":{"start":{"line":22,"column":16},"end":{"line":22,"column":37}},"loc":{"start":{"line":22,"column":40},"end":{"line":31,"column":1}},"line":22},"4":{"name":"(anonymous_4)","decl":{"start":{"line":26,"column":16},"end":{"line":26,"column":17}},"loc":{"start":{"line":26,"column":46},"end":{"line":26,"column":79}},"line":26},"5":{"name":"(anonymous_5)","decl":{"start":{"line":27,"column":15},"end":{"line":27,"column":16}},"loc":{"start":{"line":27,"column":21},"end":{"line":29,"column":5}},"line":27},"6":{"name":"useUpdateSubscription","decl":{"start":{"line":33,"column":16},"end":{"line":33,"column":37}},"loc":{"start":{"line":33,"column":40},"end":{"line":43,"column":1}},"line":33},"7":{"name":"(anonymous_7)","decl":{"start":{"line":37,"column":16},"end":{"line":37,"column":17}},"loc":{"start":{"line":38,"column":6},"end":{"line":38,"column":43}},"line":38},"8":{"name":"(anonymous_8)","decl":{"start":{"line":39,"column":15},"end":{"line":39,"column":16}},"loc":{"start":{"line":39,"column":21},"end":{"line":41,"column":5}},"line":39},"9":{"name":"useDeleteSubscription","decl":{"start":{"line":45,"column":16},"end":{"line":45,"column":37}},"loc":{"start":{"line":45,"column":40},"end":{"line":54,"column":1}},"line":45},"10":{"name":"(anonymous_10)","decl":{"start":{"line":49,"column":16},"end":{"line":49,"column":17}},"loc":{"start":{"line":49,"column":32},"end":{"line":49,"column":62}},"line":49},"11":{"name":"(anonymous_11)","decl":{"start":{"line":50,"column":15},"end":{"line":50,"column":16}},"loc":{"start":{"line":50,"column":21},"end":{"line":52,"column":5}},"line":50}},"branchMap":{},"s":{"0":0,"1":0,"2":0,"3":0,"4":0,"5":0,"6":0,"7":0,"8":0,"9":0,"10":0,"11":0,"12":0,"13":0,"14":0,"15":0},"f":{"0":0,"1":0,"2":0,"3":0,"4":0,"5":0,"6":0,"7":0,"8":0,"9":0,"10":0,"11":0},"b":{}}
,"/home/runner/workspace/client/hooks/useTheme.ts": {"path":"/home/runner/workspace/client/hooks/useTheme.ts","statementMap":{"0":{"start":{"line":5,"column":22},"end":{"line":5,"column":38}},"1":{"start":{"line":6,"column":17},"end":{"line":6,"column":39}},"2":{"start":{"line":7,"column":16},"end":{"line":7,"column":46}},"3":{"start":{"line":9,"column":2},"end":{"line":12,"column":4}}},"fnMap":{"0":{"name":"useTheme","decl":{"start":{"line":4,"column":16},"end":{"line":4,"column":24}},"loc":{"start":{"line":4,"column":27},"end":{"line":13,"column":1}},"line":4}},"branchMap":{"0":{"loc":{"start":{"line":7,"column":23},"end":{"line":7,"column":45}},"type":"binary-expr","locations":[{"start":{"line":7,"column":23},"end":{"line":7,"column":34}},{"start":{"line":7,"column":38},"end":{"line":7,"column":45}}],"line":7}},"s":{"0":0,"1":0,"2":0,"3":0},"f":{"0":0},"b":{"0":[0,0]}}
,"/home/runner/workspace/client/lib/query-client.ts": {"path":"/home/runner/workspace/client/lib/query-client.ts","statementMap":{"0":{"start":{"line":8,"column":13},"end":{"line":8,"column":43}},"1":{"start":{"line":10,"column":2},"end":{"line":12,"column":3}},"2":{"start":{"line":11,"column":4},"end":{"line":11,"column":53}},"3":{"start":{"line":14,"column":12},"end":{"line":14,"column":38}},"4":{"start":{"line":16,"column":2},"end":{"line":16,"column":18}},"5":{"start":{"line":20,"column":2},"end":{"line":23,"column":3}},"6":{"start":{"line":21,"column":17},"end":{"line":21,"column":53}},"7":{"start":{"line":22,"column":4},"end":{"line":22,"column":46}},"8":{"start":{"line":31,"column":18},"end":{"line":31,"column":29}},"9":{"start":{"line":32,"column":14},"end":{"line":32,"column":37}},"10":{"start":{"line":34,"column":14},"end":{"line":39,"column":4}},"11":{"start":{"line":41,"column":2},"end":{"line":41,"column":29}},"12":{"start":{"line":42,"column":2},"end":{"line":42,"column":13}},"13":{"start":{"line":49,"column":2},"end":{"line":64,"column":3}},"14":{"start":{"line":50,"column":2},"end":{"line":64,"column":3}},"15":{"start":{"line":51,"column":20},"end":{"line":51,"column":31}},"16":{"start":{"line":52,"column":16},"end":{"line":52,"column":62}},"17":{"start":{"line":54,"column":16},"end":{"line":56,"column":6}},"18":{"start":{"line":58,"column":4},"end":{"line":60,"column":5}},"19":{"start":{"line":59,"column":6},"end":{"line":59,"column":18}},"20":{"start":{"line":62,"column":4},"end":{"line":62,"column":31}},"21":{"start":{"line":63,"column":4},"end":{"line":63,"column":28}},"22":{"start":{"line":66,"column":27},"end":{"line":79,"column":2}}},"fnMap":{"0":{"name":"getApiUrl","decl":{"start":{"line":7,"column":16},"end":{"line":7,"column":25}},"loc":{"start":{"line":7,"column":36},"end":{"line":17,"column":1}},"line":7},"1":{"name":"throwIfResNotOk","decl":{"start":{"line":19,"column":15},"end":{"line":19,"column":30}},"loc":{"start":{"line":19,"column":46},"end":{"line":24,"column":1}},"line":19},"2":{"name":"apiRequest","decl":{"start":{"line":26,"column":22},"end":{"line":26,"column":32}},"loc":{"start":{"line":30,"column":21},"end":{"line":43,"column":1}},"line":30},"3":{"name":"(anonymous_3)","decl":{"start":{"line":49,"column":2},"end":{"line":49,"column":3}},"loc":{"start":{"line":50,"column":2},"end":{"line":64,"column":3}},"line":50},"4":{"name":"(anonymous_4)","decl":{"start":{"line":50,"column":2},"end":{"line":50,"column":3}},"loc":{"start":{"line":50,"column":26},"end":{"line":64,"column":3}},"line":50}},"branchMap":{"0":{"loc":{"start":{"line":10,"column":2},"end":{"line":12,"column":3}},"type":"if","locations":[{"start":{"line":10,"column":2},"end":{"line":12,"column":3}},{"start":{},"end":{}}],"line":10},"1":{"loc":{"start":{"line":20,"column":2},"end":{"line":23,"column":3}},"type":"if","locations":[{"start":{"line":20,"column":2},"end":{"line":23,"column":3}},{"start":{},"end":{}}],"line":20},"2":{"loc":{"start":{"line":21,"column":17},"end":{"line":21,"column":53}},"type":"binary-expr","locations":[{"start":{"line":21,"column":18},"end":{"line":21,"column":34}},{"start":{"line":21,"column":39},"end":{"line":21,"column":53}}],"line":21},"3":{"loc":{"start":{"line":36,"column":13},"end":{"line":36,"column":63}},"type":"cond-expr","locations":[{"start":{"line":36,"column":20},"end":{"line":36,"column":58}},{"start":{"line":36,"column":61},"end":{"line":36,"column":63}}],"line":36},"4":{"loc":{"start":{"line":37,"column":10},"end":{"line":37,"column":49}},"type":"cond-expr","locations":[{"start":{"line":37,"column":17},"end":{"line":37,"column":37}},{"start":{"line":37,"column":40},"end":{"line":37,"column":49}}],"line":37},"5":{"loc":{"start":{"line":58,"column":4},"end":{"line":60,"column":5}},"type":"if","locations":[{"start":{"line":58,"column":4},"end":{"line":60,"column":5}},{"start":{},"end":{}}],"line":58},"6":{"loc":{"start":{"line":58,"column":8},"end":{"line":58,"column":67}},"type":"binary-expr","locations":[{"start":{"line":58,"column":8},"end":{"line":58,"column":45}},{"start":{"line":58,"column":49},"end":{"line":58,"column":67}}],"line":58}},"s":{"0":0,"1":0,"2":0,"3":0,"4":0,"5":0,"6":0,"7":0,"8":0,"9":0,"10":0,"11":0,"12":0,"13":0,"14":0,"15":0,"16":0,"17":0,"18":0,"19":0,"20":0,"21":0,"22":0},"f":{"0":0,"1":0,"2":0,"3":0,"4":0},"b":{"0":[0,0],"1":[0,0],"2":[0,0],"3":[0,0],"4":[0,0],"5":[0,0],"6":[0,0]}}
,"/home/runner/workspace/client/lib/storage.ts": {"path":"/home/runner/workspace/client/lib/storage.ts","statementMap":{"0":{"start":{"line":4,"column":26},"end":{"line":4,"column":42}},"1":{"start":{"line":7,"column":2},"end":{"line":7,"column":75}},"2":{"start":{"line":11,"column":2},"end":{"line":18,"column":3}},"3":{"start":{"line":12,"column":17},"end":{"line":12,"column":62}},"4":{"start":{"line":13,"column":4},"end":{"line":13,"column":25}},"5":{"start":{"line":13,"column":15},"end":{"line":13,"column":25}},"6":{"start":{"line":14,"column":4},"end":{"line":14,"column":28}},"7":{"start":{"line":16,"column":4},"end":{"line":16,"column":57}},"8":{"start":{"line":17,"column":4},"end":{"line":17,"column":14}},"9":{"start":{"line":22,"column":24},"end":{"line":22,"column":48}},"10":{"start":{"line":23,"column":14},"end":{"line":23,"column":38}},"11":{"start":{"line":25,"column":40},"end":{"line":30,"column":3}},"12":{"start":{"line":32,"column":2},"end":{"line":32,"column":38}},"13":{"start":{"line":33,"column":2},"end":{"line":33,"column":79}},"14":{"start":{"line":35,"column":2},"end":{"line":35,"column":25}},"15":{"start":{"line":39,"column":24},"end":{"line":39,"column":48}},"16":{"start":{"line":40,"column":16},"end":{"line":40,"column":59}},"17":{"start":{"line":40,"column":47},"end":{"line":40,"column":58}},"18":{"start":{"line":42,"column":2},"end":{"line":42,"column":32}},"19":{"start":{"line":42,"column":20},"end":{"line":42,"column":32}},"20":{"start":{"line":44,"column":44},"end":{"line":48,"column":3}},"21":{"start":{"line":50,"column":2},"end":{"line":50,"column":45}},"22":{"start":{"line":51,"column":2},"end":{"line":51,"column":79}},"23":{"start":{"line":53,"column":2},"end":{"line":53,"column":29}},"24":{"start":{"line":57,"column":24},"end":{"line":57,"column":48}},"25":{"start":{"line":58,"column":19},"end":{"line":58,"column":59}},"26":{"start":{"line":58,"column":47},"end":{"line":58,"column":58}},"27":{"start":{"line":60,"column":2},"end":{"line":60,"column":61}},"28":{"start":{"line":60,"column":48},"end":{"line":60,"column":61}},"29":{"start":{"line":62,"column":2},"end":{"line":62,"column":74}},"30":{"start":{"line":63,"column":2},"end":{"line":63,"column":14}},"31":{"start":{"line":67,"column":24},"end":{"line":67,"column":48}},"32":{"start":{"line":68,"column":2},"end":{"line":68,"column":56}},"33":{"start":{"line":68,"column":35},"end":{"line":68,"column":46}}},"fnMap":{"0":{"name":"generateId","decl":{"start":{"line":6,"column":9},"end":{"line":6,"column":19}},"loc":{"start":{"line":6,"column":30},"end":{"line":8,"column":1}},"line":6},"1":{"name":"getSubscriptions","decl":{"start":{"line":10,"column":22},"end":{"line":10,"column":38}},"loc":{"start":{"line":10,"column":66},"end":{"line":19,"column":1}},"line":10},"2":{"name":"createSubscription","decl":{"start":{"line":21,"column":22},"end":{"line":21,"column":40}},"loc":{"start":{"line":21,"column":90},"end":{"line":36,"column":1}},"line":21},"3":{"name":"updateSubscription","decl":{"start":{"line":38,"column":22},"end":{"line":38,"column":40}},"loc":{"start":{"line":38,"column":109},"end":{"line":54,"column":1}},"line":38},"4":{"name":"(anonymous_4)","decl":{"start":{"line":40,"column":40},"end":{"line":40,"column":41}},"loc":{"start":{"line":40,"column":47},"end":{"line":40,"column":58}},"line":40},"5":{"name":"deleteSubscription","decl":{"start":{"line":56,"column":22},"end":{"line":56,"column":40}},"loc":{"start":{"line":56,"column":71},"end":{"line":64,"column":1}},"line":56},"6":{"name":"(anonymous_6)","decl":{"start":{"line":58,"column":40},"end":{"line":58,"column":41}},"loc":{"start":{"line":58,"column":47},"end":{"line":58,"column":58}},"line":58},"7":{"name":"getSubscriptionById","decl":{"start":{"line":66,"column":22},"end":{"line":66,"column":41}},"loc":{"start":{"line":66,"column":84},"end":{"line":69,"column":1}},"line":66},"8":{"name":"(anonymous_8)","decl":{"start":{"line":68,"column":28},"end":{"line":68,"column":29}},"loc":{"start":{"line":68,"column":35},"end":{"line":68,"column":46}},"line":68}},"branchMap":{"0":{"loc":{"start":{"line":13,"column":4},"end":{"line":13,"column":25}},"type":"if","locations":[{"start":{"line":13,"column":4},"end":{"line":13,"column":25}},{"start":{},"end":{}}],"line":13},"1":{"loc":{"start":{"line":42,"column":2},"end":{"line":42,"column":32}},"type":"if","locations":[{"start":{"line":42,"column":2},"end":{"line":42,"column":32}},{"start":{},"end":{}}],"line":42},"2":{"loc":{"start":{"line":60,"column":2},"end":{"line":60,"column":61}},"type":"if","locations":[{"start":{"line":60,"column":2},"end":{"line":60,"column":61}},{"start":{},"end":{}}],"line":60},"3":{"loc":{"start":{"line":68,"column":9},"end":{"line":68,"column":55}},"type":"binary-expr","locations":[{"start":{"line":68,"column":9},"end":{"line":68,"column":47}},{"start":{"line":68,"column":51},"end":{"line":68,"column":55}}],"line":68}},"s":{"0":2,"1":14,"2":27,"3":27,"4":27,"5":14,"6":13,"7":1,"8":1,"9":14,"10":14,"11":14,"12":14,"13":14,"14":14,"15":3,"16":3,"17":2,"18":3,"19":1,"20":2,"21":2,"22":2,"23":2,"24":4,"25":4,"26":4,"27":4,"28":1,"29":3,"30":3,"31":3,"32":3,"33":3},"f":{"0":14,"1":27,"2":14,"3":3,"4":2,"5":4,"6":4,"7":3,"8":3},"b":{"0":[14,13],"1":[1,2],"2":[1,3],"3":[3,1]},"_coverageSchema":"1a1c01bbd47fc00a2c39e90264f33305004495a9","hash":"57668cc48f65ff74df9f49fa639608ff7569321e"}
,"/home/runner/workspace/client/lib/subscriptionUtils.ts": {"path":"/home/runner/workspace/client/lib/subscriptionUtils.ts","statementMap":{"0":{"start":{"line":4,"column":2},"end":{"line":6,"column":3}},"1":{"start":{"line":5,"column":4},"end":{"line":5,"column":30}},"2":{"start":{"line":7,"column":2},"end":{"line":7,"column":45}},"3":{"start":{"line":11,"column":2},"end":{"line":11,"column":80}},"4":{"start":{"line":11,"column":46},"end":{"line":11,"column":75}},"5":{"start":{"line":15,"column":2},"end":{"line":15,"column":39}},"6":{"start":{"line":19,"column":15},"end":{"line":19,"column":35}},"7":{"start":{"line":20,"column":2},"end":{"line":20,"column":75}},"8":{"start":{"line":24,"column":20},"end":{"line":24,"column":52}},"9":{"start":{"line":25,"column":14},"end":{"line":25,"column":24}},"10":{"start":{"line":26,"column":19},"end":{"line":26,"column":38}},"11":{"start":{"line":28,"column":2},"end":{"line":36,"column":3}},"12":{"start":{"line":29,"column":4},"end":{"line":31,"column":5}},"13":{"start":{"line":30,"column":6},"end":{"line":30,"column":49}},"14":{"start":{"line":33,"column":4},"end":{"line":35,"column":5}},"15":{"start":{"line":34,"column":6},"end":{"line":34,"column":55}},"16":{"start":{"line":38,"column":2},"end":{"line":38,"column":18}},"17":{"start":{"line":42,"column":20},"end":{"line":42,"column":45}},"18":{"start":{"line":43,"column":14},"end":{"line":43,"column":24}},"19":{"start":{"line":45,"column":19},"end":{"line":45,"column":64}},"20":{"start":{"line":46,"column":19},"end":{"line":46,"column":62}},"21":{"start":{"line":48,"column":2},"end":{"line":50,"column":3}},"22":{"start":{"line":49,"column":4},"end":{"line":49,"column":26}},"23":{"start":{"line":52,"column":17},"end":{"line":52,"column":42}},"24":{"start":{"line":53,"column":2},"end":{"line":55,"column":3}},"25":{"start":{"line":54,"column":4},"end":{"line":54,"column":25}},"26":{"start":{"line":57,"column":16},"end":{"line":57,"column":39}},"27":{"start":{"line":58,"column":26},"end":{"line":58,"column":37}},"28":{"start":{"line":60,"column":2},"end":{"line":62,"column":3}},"29":{"start":{"line":61,"column":4},"end":{"line":61,"column":23}},"30":{"start":{"line":64,"column":2},"end":{"line":64,"column":41}},"31":{"start":{"line":68,"column":53},"end":{"line":74,"column":3}},"32":{"start":{"line":76,"column":2},"end":{"line":78,"column":5}},"33":{"start":{"line":77,"column":4},"end":{"line":77,"column":35}},"34":{"start":{"line":80,"column":2},"end":{"line":80,"column":16}},"35":{"start":{"line":84,"column":2},"end":{"line":84,"column":47}},"36":{"start":{"line":84,"column":26},"end":{"line":84,"column":47}},"37":{"start":{"line":85,"column":2},"end":{"line":85,"column":66}},"38":{"start":{"line":85,"column":39},"end":{"line":85,"column":64}},"39":{"start":{"line":89,"column":53},"end":{"line":96,"column":3}},"40":{"start":{"line":98,"column":2},"end":{"line":100,"column":5}},"41":{"start":{"line":99,"column":4},"end":{"line":99,"column":27}},"42":{"start":{"line":102,"column":2},"end":{"line":102,"column":16}}},"fnMap":{"0":{"name":"getMonthlyAmount","decl":{"start":{"line":3,"column":16},"end":{"line":3,"column":32}},"loc":{"start":{"line":3,"column":69},"end":{"line":8,"column":1}},"line":3},"1":{"name":"getTotalMonthlyAmount","decl":{"start":{"line":10,"column":16},"end":{"line":10,"column":37}},"loc":{"start":{"line":10,"column":77},"end":{"line":12,"column":1}},"line":10},"2":{"name":"(anonymous_2)","decl":{"start":{"line":11,"column":30},"end":{"line":11,"column":31}},"loc":{"start":{"line":11,"column":46},"end":{"line":11,"column":75}},"line":11},"3":{"name":"formatCurrency","decl":{"start":{"line":14,"column":16},"end":{"line":14,"column":30}},"loc":{"start":{"line":14,"column":55},"end":{"line":16,"column":1}},"line":14},"4":{"name":"formatDate","decl":{"start":{"line":18,"column":16},"end":{"line":18,"column":26}},"loc":{"start":{"line":18,"column":55},"end":{"line":21,"column":1}},"line":18},"5":{"name":"getNextBillingDate","decl":{"start":{"line":23,"column":16},"end":{"line":23,"column":34}},"loc":{"start":{"line":23,"column":69},"end":{"line":39,"column":1}},"line":23},"6":{"name":"getUsageDuration","decl":{"start":{"line":41,"column":16},"end":{"line":41,"column":32}},"loc":{"start":{"line":41,"column":66},"end":{"line":65,"column":1}},"line":41},"7":{"name":"groupByCategory","decl":{"start":{"line":67,"column":16},"end":{"line":67,"column":31}},"loc":{"start":{"line":67,"column":99},"end":{"line":81,"column":1}},"line":67},"8":{"name":"(anonymous_8)","decl":{"start":{"line":76,"column":24},"end":{"line":76,"column":25}},"loc":{"start":{"line":76,"column":33},"end":{"line":78,"column":3}},"line":76},"9":{"name":"filterByCategory","decl":{"start":{"line":83,"column":16},"end":{"line":83,"column":32}},"loc":{"start":{"line":83,"column":110},"end":{"line":86,"column":1}},"line":83},"10":{"name":"(anonymous_10)","decl":{"start":{"line":85,"column":30},"end":{"line":85,"column":31}},"loc":{"start":{"line":85,"column":39},"end":{"line":85,"column":64}},"line":85},"11":{"name":"getCategoryCount","decl":{"start":{"line":88,"column":16},"end":{"line":88,"column":32}},"loc":{"start":{"line":88,"column":100},"end":{"line":103,"column":1}},"line":88},"12":{"name":"(anonymous_12)","decl":{"start":{"line":98,"column":24},"end":{"line":98,"column":25}},"loc":{"start":{"line":98,"column":33},"end":{"line":100,"column":3}},"line":98}},"branchMap":{"0":{"loc":{"start":{"line":4,"column":2},"end":{"line":6,"column":3}},"type":"if","locations":[{"start":{"line":4,"column":2},"end":{"line":6,"column":3}},{"start":{},"end":{}}],"line":4},"1":{"loc":{"start":{"line":28,"column":2},"end":{"line":36,"column":3}},"type":"if","locations":[{"start":{"line":28,"column":2},"end":{"line":36,"column":3}},{"start":{"line":32,"column":9},"end":{"line":36,"column":3}}],"line":28},"2":{"loc":{"start":{"line":48,"column":2},"end":{"line":50,"column":3}},"type":"if","locations":[{"start":{"line":48,"column":2},"end":{"line":50,"column":3}},{"start":{},"end":{}}],"line":48},"3":{"loc":{"start":{"line":53,"column":2},"end":{"line":55,"column":3}},"type":"if","locations":[{"start":{"line":53,"column":2},"end":{"line":55,"column":3}},{"start":{},"end":{}}],"line":53},"4":{"loc":{"start":{"line":60,"column":2},"end":{"line":62,"column":3}},"type":"if","locations":[{"start":{"line":60,"column":2},"end":{"line":62,"column":3}},{"start":{},"end":{}}],"line":60},"5":{"loc":{"start":{"line":84,"column":2},"end":{"line":84,"column":47}},"type":"if","locations":[{"start":{"line":84,"column":2},"end":{"line":84,"column":47}},{"start":{},"end":{}}],"line":84}},"s":{"0":7,"1":4,"2":3,"3":3,"4":4,"5":3,"6":2,"7":2,"8":3,"9":3,"10":3,"11":3,"12":2,"13":6,"14":1,"15":1,"16":3,"17":4,"18":4,"19":4,"20":4,"21":4,"22":1,"23":3,"24":3,"25":1,"26":2,"27":2,"28":2,"29":1,"30":1,"31":2,"32":2,"33":3,"34":2,"35":4,"36":1,"37":3,"38":9,"39":2,"40":2,"41":4,"42":2},"f":{"0":7,"1":3,"2":4,"3":3,"4":2,"5":3,"6":4,"7":2,"8":3,"9":4,"10":9,"11":2,"12":4},"b":{"0":[4,3],"1":[2,1],"2":[1,3],"3":[1,2],"4":[1,1],"5":[1,3]},"_coverageSchema":"1a1c01bbd47fc00a2c39e90264f33305004495a9","hash":"8ece7b65a9e4f6d6e325c129b84f834a277b521a"}
,"/home/runner/workspace/client/types/subscription.ts": {"path":"/home/runner/workspace/client/types/subscription.ts","statementMap":{},"fnMap":{},"branchMap":{},"s":{},"f":{},"b":{}}
}
