TN:
SF:client/hooks/useColorScheme.ts
FNF:0
FNH:0
LF:0
LH:0
BRF:0
BRH:0
end_of_record
TN:
SF:client/hooks/useColorScheme.web.ts
FN:7,useColorScheme
FN:10,(anonymous_1)
FNF:2
FNH:0
FNDA:0,useColorScheme
FNDA:0,(anonymous_1)
DA:8,0
DA:10,0
DA:11,0
DA:14,0
DA:16,0
DA:17,0
DA:20,0
LF:7
LH:0
BRDA:16,0,0,0
BRDA:16,0,1,0
BRF:2
BRH:0
end_of_record
TN:
SF:client/hooks/useScreenOptions.ts
FN:11,useScreenOptions
FNF:1
FNH:0
FNDA:0,useScreenOptions
DA:14,0
DA:16,0
LF:2
LH:0
BRDA:11,0,0,0
BRDA:12,1,0,0
BRDA:19,2,0,0
BRDA:19,2,1,0
BRDA:30,3,0,0
BRDA:30,3,1,0
BRF:6
BRH:0
end_of_record
TN:
SF:client/hooks/useSubscriptions.ts
FN:7,useSubscriptions
FN:14,useSubscription
FN:17,(anonymous_2)
FN:22,useCreateSubscription
FN:26,(anonymous_4)
FN:27,(anonymous_5)
FN:33,useUpdateSubscription
FN:37,(anonymous_7)
FN:39,(anonymous_8)
FN:45,useDeleteSubscription
FN:49,(anonymous_10)
FN:50,(anonymous_11)
FNF:12
FNH:0
FNDA:0,useSubscriptions
FNDA:0,useSubscription
FNDA:0,(anonymous_2)
FNDA:0,useCreateSubscription
FNDA:0,(anonymous_4)
FNDA:0,(anonymous_5)
FNDA:0,useUpdateSubscription
FNDA:0,(anonymous_7)
FNDA:0,(anonymous_8)
FNDA:0,useDeleteSubscription
FNDA:0,(anonymous_10)
FNDA:0,(anonymous_11)
DA:5,0
DA:8,0
DA:15,0
DA:17,0
DA:23,0
DA:25,0
DA:26,0
DA:28,0
DA:34,0
DA:36,0
DA:38,0
DA:40,0
DA:46,0
DA:48,0
DA:49,0
DA:51,0
LF:16
LH:0
BRF:0
BRH:0
end_of_record
TN:
SF:client/hooks/useTheme.ts
FN:4,useTheme
FNF:1
FNH:0
FNDA:0,useTheme
DA:5,0
DA:6,0
DA:7,0
DA:9,0
LF:4
LH:0
BRDA:7,0,0,0
BRDA:7,0,1,0
BRF:2
BRH:0
end_of_record
TN:
SF:client/lib/query-client.ts
FN:7,getApiUrl
FN:19,throwIfResNotOk
FN:26,apiRequest
FN:49,(anonymous_3)
FN:50,(anonymous_4)
FNF:5
FNH:0
FNDA:0,getApiUrl
FNDA:0,throwIfResNotOk
FNDA:0,apiRequest
FNDA:0,(anonymous_3)
FNDA:0,(anonymous_4)
DA:8,0
DA:10,0
DA:11,0
DA:14,0
DA:16,0
DA:20,0
DA:21,0
DA:22,0
DA:31,0
DA:32,0
DA:34,0
DA:41,0
DA:42,0
DA:49,0
DA:50,0
DA:51,0
DA:52,0
DA:54,0
DA:58,0
DA:59,0
DA:62,0
DA:63,0
DA:66,0
LF:23
LH:0
BRDA:10,0,0,0
BRDA:10,0,1,0
BRDA:20,1,0,0
BRDA:20,1,1,0
BRDA:21,2,0,0
BRDA:21,2,1,0
BRDA:36,3,0,0
BRDA:36,3,1,0
BRDA:37,4,0,0
BRDA:37,4,1,0
BRDA:58,5,0,0
BRDA:58,5,1,0
BRDA:58,6,0,0
BRDA:58,6,1,0
BRF:14
BRH:0
end_of_record
TN:
SF:client/lib/storage.ts
FN:6,generateId
FN:10,getSubscriptions
FN:21,createSubscription
FN:38,updateSubscription
FN:40,(anonymous_4)
FN:56,deleteSubscription
FN:58,(anonymous_6)
FN:66,getSubscriptionById
FN:68,(anonymous_8)
FNF:9
FNH:9
FNDA:14,generateId
FNDA:27,getSubscriptions
FNDA:14,createSubscription
FNDA:3,updateSubscription
FNDA:2,(anonymous_4)
FNDA:4,deleteSubscription
FNDA:4,(anonymous_6)
FNDA:3,getSubscriptionById
FNDA:3,(anonymous_8)
DA:4,1
DA:7,14
DA:11,27
DA:12,27
DA:13,27
DA:14,13
DA:16,1
DA:17,1
DA:22,14
DA:23,14
DA:25,14
DA:32,14
DA:33,14
DA:35,14
DA:39,3
DA:40,3
DA:42,3
DA:44,2
DA:50,2
DA:51,2
DA:53,2
DA:57,4
DA:58,4
DA:60,4
DA:62,3
DA:63,3
DA:67,3
DA:68,3
LF:28
LH:28
BRDA:13,0,0,14
BRDA:13,0,1,13
BRDA:42,1,0,1
BRDA:42,1,1,2
BRDA:60,2,0,1
BRDA:60,2,1,3
BRDA:68,3,0,3
BRDA:68,3,1,1
BRF:8
BRH:8
end_of_record
TN:
SF:client/lib/subscriptionUtils.ts
FN:3,getMonthlyAmount
FN:10,getTotalMonthlyAmount
FN:11,(anonymous_2)
FN:14,formatCurrency
FN:18,formatDate
FN:23,getNextBillingDate
FN:41,getUsageDuration
FN:67,groupByCategory
FN:76,(anonymous_8)
FN:83,filterByCategory
FN:85,(anonymous_10)
FN:88,getCategoryCount
FN:98,(anonymous_12)
FNF:13
FNH:13
FNDA:7,getMonthlyAmount
FNDA:3,getTotalMonthlyAmount
FNDA:4,(anonymous_2)
FNDA:3,formatCurrency
FNDA:2,formatDate
FNDA:3,getNextBillingDate
FNDA:4,getUsageDuration
FNDA:2,groupByCategory
FNDA:3,(anonymous_8)
FNDA:4,filterByCategory
FNDA:9,(anonymous_10)
FNDA:2,getCategoryCount
FNDA:4,(anonymous_12)
DA:4,7
DA:5,4
DA:7,3
DA:11,4
DA:15,3
DA:19,2
DA:20,2
DA:24,3
DA:25,3
DA:26,3
DA:28,3
DA:29,2
DA:30,6
DA:33,1
DA:34,1
DA:38,3
DA:42,4
DA:43,4
DA:45,4
DA:46,4
DA:48,4
DA:49,1
DA:52,3
DA:53,3
DA:54,1
DA:57,2
DA:58,2
DA:60,2
DA:61,1
DA:64,1
DA:68,2
DA:76,2
DA:77,3
DA:80,2
DA:84,4
DA:85,9
DA:89,2
DA:98,2
DA:99,4
DA:102,2
LF:40
LH:40
BRDA:4,0,0,4
BRDA:4,0,1,3
BRDA:28,1,0,2
BRDA:28,1,1,1
BRDA:48,2,0,1
BRDA:48,2,1,3
BRDA:53,3,0,1
BRDA:53,3,1,2
BRDA:60,4,0,1
BRDA:60,4,1,1
BRDA:84,5,0,1
BRDA:84,5,1,3
BRF:12
BRH:12
end_of_record
TN:
SF:client/types/subscription.ts
FNF:0
FNH:0
LF:0
LH:0
BRF:0
BRH:0
end_of_record
